INFO	2015-04-07 15:27:09,782	1	com.main.Main	[main]	salut
INFO	2015-04-07 15:27:09,802	21	com.main.Main	[main]	fr.afcepf.al23.partesite.taxes.interfaces.Frais@1d1c1c90
INFO	2015-04-07 15:27:10,483	0	com.main.Main	[main]	salut
INFO	2015-04-07 15:27:10,506	23	com.main.Main	[main]	fr.afcepf.al23.partesite.taxes.interfaces.Frais@3da505be
INFO	2015-04-07 15:27:21,664	1	com.main.Main	[main]	salut
INFO	2015-04-07 15:27:21,685	22	com.main.Main	[main]	
INFO	2015-04-07 15:28:30,117	0	com.main.Main	[main]	salut
INFO	2015-04-07 15:28:30,204	87	com.main.Main	[main]	100
INFO	2015-04-07 15:33:03,162	0	com.main.Main	[main]	salut
INFO	2015-04-07 15:33:47,971	0	com.main.Main	[main]	salut
INFO	2015-04-07 15:35:01,043	0	com.main.Main	[main]	salut
INFO	2015-04-07 15:35:04,538	0	com.main.Main	[main]	salut
INFO	2015-04-07 15:35:47,325	0	com.main.Main	[main]	salut
INFO	2015-04-07 15:35:57,456	0	com.main.Main	[main]	salut
INFO	2015-04-07 15:35:59,066	0	com.main.Main	[main]	salut
INFO	2015-04-07 15:36:00,210	0	com.main.Main	[main]	salut
INFO	2015-04-07 15:36:01,420	0	com.main.Main	[main]	salut
INFO	2015-04-07 15:36:02,558	0	com.main.Main	[main]	salut
INFO	2015-04-07 15:37:13,143	0	com.main.Main	[main]	salut
INFO	2015-04-07 15:37:13,164	21	com.main.Main	[main]	
INFO	2015-04-07 15:37:17,641	0	com.main.Main	[main]	salut
INFO	2015-04-07 15:38:09,851	0	com.main.Main	[main]	salut
INFO	2015-04-07 15:38:20,507	0	com.main.Main	[main]	salut
INFO	2015-04-07 15:38:56,362	0	com.main.Main	[main]	salut
INFO	2015-04-07 15:38:56,363	1	com.main.Main	[main]	JAX-WS RI 2.2.4-b01: Stub for http://localhost:9595/TaxeWebService/ServiceTaxePays
INFO	2015-04-07 15:39:11,295	0	com.main.Main	[main]	salut
INFO	2015-04-07 15:39:11,297	2	com.main.Main	[main]	JAX-WS RI 2.2.4-b01: Stub for http://localhost:9595/TaxeWebService/ServiceTaxePays
INFO	2015-04-07 15:39:29,403	0	com.main.Main	[main]	salut
INFO	2015-04-07 15:39:29,405	2	com.main.Main	[main]	JAX-WS RI 2.2.4-b01: Stub for http://localhost:9595/TaxeWebService/ServiceTaxePays
INFO	2015-04-07 15:39:29,428	25	com.main.Main	[main]	
INFO	2015-04-07 15:39:36,509	0	com.main.Main	[main]	salut
INFO	2015-04-07 15:39:36,511	2	com.main.Main	[main]	JAX-WS RI 2.2.4-b01: Stub for http://localhost:9595/TaxeWebService/ServiceTaxePays
INFO	2015-04-07 15:39:50,607	0	com.main.Main	[main]	salut
INFO	2015-04-07 15:39:50,609	2	com.main.Main	[main]	JAX-WS RI 2.2.4-b01: Stub for http://localhost:9595/TaxeWebService/ServiceTaxePays
INFO	2015-04-07 15:40:09,616	0	com.main.Main	[main]	salut
INFO	2015-04-07 15:40:09,617	1	com.main.Main	[main]	JAX-WS RI 2.2.4-b01: Stub for http://localhost:9595/TaxeWebService/ServiceTaxePays
INFO	2015-04-07 15:40:38,728	0	com.main.Main	[main]	salut
INFO	2015-04-07 15:40:38,729	1	com.main.Main	[main]	JAX-WS RI 2.2.4-b01: Stub for http://localhost:9595/TaxeWebService/ServiceTaxePays
INFO	2015-04-07 15:41:15,002	0	com.main.Main	[main]	salut
INFO	2015-04-07 15:41:15,004	2	com.main.Main	[main]	JAX-WS RI 2.2.4-b01: Stub for http://localhost:9595/TaxeWebService/ServiceTaxePays
INFO	2015-04-07 15:41:33,461	0	com.main.Main	[main]	salut
INFO	2015-04-07 15:41:33,462	1	com.main.Main	[main]	JAX-WS RI 2.2.4-b01: Stub for http://localhost:9595/TaxeWebService/ServiceTaxePays
INFO	2015-04-07 15:41:33,490	29	com.main.Main	[main]	
INFO	2015-04-07 15:42:05,081	0	com.main.Main	[main]	salut
INFO	2015-04-07 15:42:05,083	2	com.main.Main	[main]	JAX-WS RI 2.2.4-b01: Stub for http://localhost:9595/TaxeWebService/ServiceTaxePays
INFO	2015-04-07 15:42:05,106	25	com.main.Main	[main]	
INFO	2015-04-07 15:42:16,793	0	com.main.Main	[main]	salut
INFO	2015-04-07 15:42:16,794	1	com.main.Main	[main]	JAX-WS RI 2.2.4-b01: Stub for http://localhost:9595/TaxeWebService/ServiceTaxePays
INFO	2015-04-07 15:42:18,102	0	com.main.Main	[main]	salut
INFO	2015-04-07 15:42:18,104	2	com.main.Main	[main]	JAX-WS RI 2.2.4-b01: Stub for http://localhost:9595/TaxeWebService/ServiceTaxePays
INFO	2015-04-07 15:42:24,957	0	com.main.Main	[main]	salut
INFO	2015-04-07 15:42:24,959	2	com.main.Main	[main]	JAX-WS RI 2.2.4-b01: Stub for http://localhost:9595/TaxeWebService/ServiceTaxePays
INFO	2015-04-07 15:42:24,986	29	com.main.Main	[main]	fr.afcepf.al23.partesite.taxes.interfaces.Frais@77a63a20
INFO	2015-04-07 15:43:03,641	0	com.main.Main	[main]	salut
INFO	2015-04-07 15:43:03,643	2	com.main.Main	[main]	JAX-WS RI 2.2.4-b01: Stub for http://localhost:9595/TaxeWebService/ServiceTaxePays
INFO	2015-04-07 15:43:03,672	31	com.main.Main	[main]	fr.afcepf.al23.partesite.taxes.interfaces.Frais@73250065
INFO	2015-04-07 15:43:45,523	0	com.main.Main	[main]	salut
INFO	2015-04-07 15:43:45,525	2	com.main.Main	[main]	JAX-WS RI 2.2.4-b01: Stub for http://localhost:9595/TaxeWebService/ServiceTaxePays
INFO	2015-04-07 15:43:45,551	28	com.main.Main	[main]	fr.afcepf.al23.partesite.taxes.interfaces.Frais@4232483e
INFO	2015-04-07 15:44:00,473	0	com.main.Main	[main]	salut
INFO	2015-04-07 15:44:00,475	2	com.main.Main	[main]	JAX-WS RI 2.2.4-b01: Stub for http://localhost:9595/TaxeWebService/ServiceTaxePays
INFO	2015-04-07 15:44:00,499	26	com.main.Main	[main]	fr.afcepf.al23.partesite.taxes.interfaces.Frais@73250065
INFO	2015-04-07 15:44:14,183	0	com.main.Main	[main]	salut
INFO	2015-04-07 15:44:14,184	1	com.main.Main	[main]	JAX-WS RI 2.2.4-b01: Stub for http://localhost:9595/TaxeWebService/ServiceTaxePays
INFO	2015-04-07 15:44:14,205	22	com.main.Main	[main]	fr.afcepf.al23.partesite.taxes.interfaces.Frais@77a63a20
INFO	2015-04-07 15:44:55,110	0	com.main.Main	[main]	salut
INFO	2015-04-07 15:44:55,112	2	com.main.Main	[main]	JAX-WS RI 2.2.4-b01: Stub for http://localhost:9595/TaxeWebService/ServiceTaxePays
INFO	2015-04-07 15:44:55,141	31	com.main.Main	[main]	fr.afcepf.al23.partesite.taxes.interfaces.Frais@4df0bb81
INFO	2015-04-07 15:45:02,360	0	com.main.Main	[main]	salut
INFO	2015-04-07 15:45:02,362	2	com.main.Main	[main]	JAX-WS RI 2.2.4-b01: Stub for http://localhost:9595/TaxeWebService/ServiceTaxePays
INFO	2015-04-07 15:45:17,028	0	com.main.Main	[main]	salut
INFO	2015-04-07 15:45:17,030	2	com.main.Main	[main]	JAX-WS RI 2.2.4-b01: Stub for http://localhost:9595/TaxeWebService/ServiceTaxePays
INFO	2015-04-07 15:46:59,899	0	com.main.Main	[main]	salut
INFO	2015-04-07 15:46:59,900	1	com.main.Main	[main]	JAX-WS RI 2.2.4-b01: Stub for http://localhost:9595/TaxeWebService/ServiceTaxePays
INFO	2015-04-07 15:47:41,376	0	com.main.Main	[main]	salut
INFO	2015-04-07 15:47:41,378	2	com.main.Main	[main]	JAX-WS RI 2.2.4-b01: Stub for http://localhost:9595/TaxeWebService/ServiceTaxePays
INFO	2015-04-07 15:53:56,380	0	com.main.Main	[main]	salut
INFO	2015-04-07 15:53:56,381	1	com.main.Main	[main]	JAX-WS RI 2.2.4-b01: Stub for http://localhost:9595/TaxeWebService/ServiceTaxePays
INFO	2015-04-07 15:54:45,973	0	com.main.Main	[main]	salut
INFO	2015-04-07 15:54:45,975	2	com.main.Main	[main]	JAX-WS RI 2.2.4-b01: Stub for http://localhost:9595/TaxeWebService/ServiceTaxePays
INFO	2015-04-07 15:56:57,893	0	com.main.Main	[main]	salut
INFO	2015-04-07 15:56:57,895	2	com.main.Main	[main]	JAX-WS RI 2.2.4-b01: Stub for http://localhost:9595/TaxeWebService/ServiceTaxePays
INFO	2015-04-07 15:57:50,759	0	com.main.Main	[main]	salut
INFO	2015-04-07 15:57:50,762	3	com.main.Main	[main]	JAX-WS RI 2.2.4-b01: Stub for http://localhost:9595/TaxeWebService/ServiceTaxePays
INFO	2015-04-07 15:58:22,275	0	com.main.Main	[main]	salut
INFO	2015-04-07 15:58:22,277	2	com.main.Main	[main]	JAX-WS RI 2.2.4-b01: Stub for http://localhost:9595/TaxeWebService/ServiceTaxePays
INFO	2015-04-07 16:00:22,679	0	com.main.Main	[main]	salut
INFO	2015-04-07 16:00:22,681	2	com.main.Main	[main]	JAX-WS RI 2.2.4-b01: Stub for http://localhost:9595/TaxeWebService/ServiceTaxePays
INFO	2015-04-07 16:00:22,769	90	com.main.Main	[main]	fr.afcepf.al23.partesite.taxes.interfaces.Frais@73250065
